2025-07-13 18:27:38,772 [INFO] CSV file created with headers: ['timestamp', 'yaw', 'pitch', 'roll']
2025-07-13 18:27:38,775 [INFO] Connecting to SensorTile...
2025-07-13 18:28:23,719 [INFO] Connected to SensorTile.
2025-07-13 18:28:23,720 [INFO] Characteristic properties:
2025-07-13 18:28:23,720 [INFO] 00002a05-0000-1000-8000-00805f9b34fb -> ['indicate']
2025-07-13 18:28:23,720 [INFO] 00002b29-0000-1000-8000-00805f9b34fb -> ['read', 'write']
2025-07-13 18:28:23,720 [INFO] 00002b2a-0000-1000-8000-00805f9b34fb -> ['read']
2025-07-13 18:28:23,721 [INFO] 00002a00-0000-1000-8000-00805f9b34fb -> ['read']
2025-07-13 18:28:23,721 [INFO] 00002a01-0000-1000-8000-00805f9b34fb -> ['read']
2025-07-13 18:28:23,721 [INFO] 00002a04-0000-1000-8000-00805f9b34fb -> ['read']
2025-07-13 18:28:23,722 [INFO] 00000001-0004-11e1-ac36-0002a5d5c51b -> ['notify']
2025-07-13 18:28:23,722 [INFO] 00000002-0004-11e1-ac36-0002a5d5c51b -> ['write-without-response', 'notify']
2025-07-13 18:28:24,568 [INFO] Subscribed to both characteristics
2025-07-13 18:28:24,568 [INFO] Sending start command (32 01 0A)...
2025-07-13 18:28:24,573 [INFO] Sent start command (32 01 0A)
2025-07-13 18:28:24,573 [INFO] Begin streaming...
2025-07-13 18:28:24,688 [INFO] 
Notification from 00000002-0004-11e1-ac36-0002a5d5c51b (Handle: 20): Unknown:
2025-07-13 18:28:24,688 [INFO] Hex: 01328a
2025-07-13 18:28:24,689 [INFO] Length: 3 bytes
2025-07-13 18:28:24,689 [WARNING] Packet too short (likely just ACK or status)
